[    00000] Initializing cgroup subsys cpuset
[    0.000000] Initializing cgroup subsys cpu
[    0.000000] Initializing cgroup subsys cpuacct
[    0.000000] Linux version 4.4.0-139-generic (buildd@lcy01-amd64-006) (gcc version 5.4.0 20160609 (Ubuntu 5.4.0-6ubuntu1~16.04.10) ) #165-Ubuntu SMP Wed Oct 24 10:58:50 UTC 2018 (Ubuntu 4.4.0-139.165-generic 4.4.160)
[    0.000000] Command line: BOOT_IMAGE=/boot/vmlinuz-4.4.0-139-generic root=LABEL=cloudimg-rootfs ro console=tty1 console=ttyS0
[    0.000000] KERNEL supported cpus:
[    0.000000]   Intel GenuineIntel
[    0.000000]   AMD AuthenticAMD
[    0.000000]   Centaur CentaurHauls
[    0.000000] x86/fpu: xstate_offset[2]:  576, xstate_sizes[2]:  256
[    0.000000] x86/fpu: Supporting XSAVE feature 0x01: 'x87 floating point registers'
[    0.000000] x86/fpu: Supporting XSAVE feature 0x02: 'SSE registers'
[    0.000000] x86/fpu: Supporting XSAVE feature 0x04: 'AVX registers'
[    0.000000] x86/fpu: Enabled xstate features 0x7, context size is 832 bytes, using 'standard' format.
[    0.000000] e820: BIOS-provided physical RAM map:
[    0.000000] BIOS-e820: [mem 0x0000000000000000-0x000000000009fbff] usable
[    0.000000] BIOS-e820: [mem 0x000000000009fc00-0x000000000009ffff] reserved
[    0.000000] BIOS-e820: [mem 0x00000000000f0000-0x00000000000fffff] reserved
[    0.000000] BIOS-e820: [mem 0x0000000000100000-0x00000000dffeffff] usable
[    0.000000] BIOS-e820: [mem 0x00000000dfff0000-0x00000000dfffffff] ACPI data
[    0.000000] BIOS-e820: [mem 0x00000000fec00000-0x00000000fec00fff] reserved
[    0.000000] BIOS-e820: [mem 0x00000000fee00000-0x00000000fee00fff] reserved
[    0.000000] BIOS-e820: [mem 0x00000000fffc0000-0x00000000ffffffff] reserved
[    0.000000] BIOS-e820: [mem 0x0000000100000000-0x000000011fffffff] usable
[    0.000000] NX (Execute Disable) protection: active
[    0.000000] SMBIOS 2.5 present.
[    0.000000] Hypervisor detected: KVM
[    0.000000] e820: last_pfn = 0x120000 max_arch_pfn = 0x400000000
[    0.000000] MTRR: Disabled
[    0.000000] x86/PAT: MTRRs disabled, skipping PAT initialization too.
[    0.000000] CPU MTRRs all blank - virtualized system.
[    0.000000] x86/PAT: Configuration [0-7]: WB  WT  UC- UC  WB  WT  UC- UC  
[    0.000000] e820: last_pfn = 0xdfff0 max_arch_pfn = 0x400000000
[    0.000000] found SMP MP-table at [mem 0x0009fff0-0x0009ffff] mapped at [ffff88000009fff0]
[    0.000000] Scanning 1 areas for low memory corruption
[    0.000000] RAMDISK: [mem 0x3630a000-0x3717cfff]
[    0.000000] ACPI: Early table checksum verification disabled
[    0.000000] ACPI: RSDP 0x00000000000E0000 000024 (v02 VBOOX  )
[    0.000000] ACPI: XSDT 0x00000000DFFF0030 00003C (v01 VBOX   VBOXXSDT 00000001 ASL  00000061)
[    0.000000] ACPI: FACP 0x00000000DFFF00F0 0000F4 (v04 VBOX   VBOXFACP 00000001 ASL  00000061)
[    0.000000] ACPI: DSDT 0x00000000DFFF0470 0021FF (v02 VBOX   VBOXBIOS 00000002 INTL 20180105)
[    0.000000] ACPI: FACS 0x00000000DFFF0200 000040
[    0.000000] ACPI: FACS 0x00000000DFFF0200 000040
[    0.000000] ACPI: APIC 0x00000000DFFF0240 00005C (v02 VBOX   VBOXAPIC 00000001 ASL  00000061)
[    0.000000] ACPI: SSDT 0x00000000DFFF02A0 0001CC (v01 VBOX   VBOXCPUT 00000002 INTL 20180105)
[    0.000000] No NUMA configuration found
[    0.000000] Faking a node at [mem 0x0000000000000000-0x000000011fffffff]
[    0.000000] NODE_DATA(0) allocated [mem 0x11fff7000-0x11fffbfff]
[    0.000000] kvm-clock: Using msrs 4b564d01 and 4b564d00
[    0.000000] kvm-clock: cpu 0, msr 1:1ffef001, primary cpu clock
[    0.000000] kvm-clock: using sched offset of 3159659754 cycles
[    0.000000] clocksource: kvm-clock: mask: 0xffffffffffffffff max_cycles: 0x1cd42e4dffb, max_idle_ns: 881590591483 ns
[    0.000000] Zone ranges:
[    0.000000]   DMA      [mem 0x0000000000001000-0x0000000000ffffff]
[    0.000000]   DMA32    [mem 0x0000000001000000-0x00000000ffffffff]
[    0.000000]   Normal   [mem 0x0000000100000000-0x000000011fffffff]
[    0.000000]   Device   empty
[    0.000000] Movable zone start for each node
[    0.000000] Early memory node ranges
[    0.000000]   node   0: [mem 0x0000000000001000-0x000000000009efff]
[    0.000000]   node   0: [mem 0x0000000000100000-0x00000000dffeffff]
[    0.000000]   node   0: [mem 0x0000000100000000-0x000000011fffffff]
[    0.000000] Initmem setup node 0 [mem 0x0000000000001000-0x000000011fffffff]
[    0.000000] ACPI: PM-Timer IO Port: 0x4008
[    0.000000] IOAPIC[0]: apic_id 2, version 32, address 0xfec00000, GSI 0-23
[    0.000000] ACPI: INT_SRC_OVR (bus 0 bus_irq 0 global_irq 2 dfl dfl)
[    0.000000] ACPI: INT_SRC_OVR (bus 0 bus_irq 9 global_irq 9 low level)
[    0.000000] Using ACPI (MADT) for SMP configuration information
[    0.000000] smpboot: Allowing 2 CPUs, 0 hotplug CPUs
[    0.000000] PM: Registered nosave memory: [mem 0x00000000-0x00000fff]
[    0.000000] PM: Registered nosave memory: [mem 0x0009f000-0x0009ffff]
[    0.000000] PM: Registered nosave memory: [mem 0x000a0000-0x000effff]
[    0.000000] PM: Registered nosave memory: [mem 0x000f0000-0x000fffff]
[    0.000000] PM: Registered nosave memory: [mem 0xdfff0000-0xdfffffff]
[    0.000000] PM: Registered nosave memory: [mem 0xe0000000-0xfebfffff]
[    0.000000] PM: Registered nosave memory: [mem 0xfec00000-0xfec00fff]
[    0.000000] PM: Registered nosave memory: [mem 0xfec01000-0xfedfffff]
[    0.000000] PM: Registered nosave memory: [mem 0xfee00000-0xfee00fff]
[    0.000000] PM: Registered nosave memory: [mem 0xfee01000-0xfffbffff]
[    0.000000] PM: Registered nosave memory: [mem 0xfffc0000-0xffffffff]
[    0.000000] e820: [mem 0xe0000000-0xfebfffff] available for PCI devices
[    0.000000] Booting paravirtualized kernel on KVM
[    0.000000] clocksource: refined-jiffies: mask: 0xffffffff max_cycles: 0xffffffff, max_idle_ns: 7645519600211568 ns
[    0.000000] setup_percpu: NR_CPUS:512 nr_cpumask_bits:512 nr_cpu_ids:2 nr_node_ids:1
[    0.000000] PERCPU: Embedded 34 pages/cpu @ffff88011fc00000 s99608 r8192 d31464 u1048576
[    0.000000] PV qspinlock hash table entries: 256 (order: 0, 4096 bytes)
[    0.000000] Built 1 zonelists in Node order, mobility grouping on.  Total pages: 1032056
[    0.000000] Policy zone: Normal
[    0.000000] Kernel command line: BOOT_IMAGE=/boot/vmlinuz-4.4.0-139-generic root=LABEL=cloudimg-rootfs ro console=tty1 console=ttyS0
[    0.000000] PID hash table entries: 4096 (order: 3, 32768 bytes)
[    0.000000] Memory: 4028220K/4193848K available (8564K kernel code, 1314K rwdata, 4004K rodata, 1528K init, 1316K bss, 165628K reserved, 0K cma-reserved)
[    0.000000] SLUB: HWalign=64, Order=0-3, MinObjects=0, CPUs=2, Nodes=1
[    0.000000] Kernel/User page tables isolation: enabled
[    0.000000] Hierarchical RCU implementation.
[    0.000000] 	Build-time adjustment of leaf fanout to 64.
[    0.000000] 	RCU restricting CPUs from NR_CPUS=512 to nr_cpu_ids=2.
[    0.000000] RCU: Adjusting geometry for rcu_fanout_leaf=64, nr_cpu_ids=2
[    0.000000] NR_IRQS:33024 nr_irqs:440 16
[    0.000000] Console: colour VGA+ 80x25
[    0.000000] console [tty1] enabled
[    0.000000] console [ttyS0] enabled
[    0.000000] tsc: Detected 3407.998 MHz processor
[    0.193492] Calibrating delay loop (skipped) preset value.. 6815.99 BogoMIPS (lpj=13631992)
[    0.194799] pid_max: default: 32768 minimum: 301
[    0.195505] ACPI: Core revision 20150930
[    0.196869] ACPI: 2 ACPI AML tables successfully acquired and loaded
[    0.197874] Security Framework initialized
[    0.198517] Yama: becoming mindful.
[    0.199101] AppArmor: AppArmor initialized
[    0.200216] Dentry cache hash table entries: 524288 (order: 10, 4194304 bytes)
[    0.202412] Inode-cache hash table entries: 262144 (order: 9, 2097152 bytes)
[    0.203590] Mount-cache hash table entries: 8192 (order: 4, 65536 bytes)
[    0.204522] Mountpoint-cache hash table entries: 8192 (order: 4, 65536 bytes)
[    0.205975] Initializing cgroup subsys io
[    0.206620] Initializing cgroup subsys memory
[    0.207296] Initializing cgroup subsys devices
[    0.207982] Initializing cgroup subsys freezer
[    0.208663] Initializing cgroup subsys net_cls
[    0.209373] Initializing cgroup subsys perf_event
[    0.210080] Initializing cgroup subsys net_prio
[    0.210768] Initializing cgroup subsys hugetlb
[    0.211445] Initializing cgroup subsys pids
[    0.213843] mce: CPU supports 0 MCE banks
[    0.215226] Last level iTLB entries: 4KB 64, 2MB 8, 4MB 8
[    0.221350] Last level dTLB entries: 4KB 64, 2MB 0, 4MB 0, 1GB 4
[    0.222197] Spectre V2 : Mitigation: Full generic retpoline
[    0.222995] Spectre V2 : Spectre v2 mitigation: Speculation control IBPB not-supported IBRS not-supported
[    0.224219] Spectre V2 : Spectre v2 / SpectreRSB mitigation: Filling RSB on context switch
[    0.233748] Speculative Store Bypass: Vulnerable
[    0.236284] Freeing SMP alternatives memory: 32K
[    0.283308] ftrace: allocating 32278 entries in 127 pages
[    0.354801] smpboot: APIC(0) Converting physical 0 to logical package 0
[    0.365114] smpboot: Max logical packages: 1
[    0.365896] x2apic enabled
[    0.366527] Switched APIC routing to physical x2apic.
[    0.368066] ..TIMER: vector=0x30 apic1=0 pin1=2 apic2=-1 pin2=-1
[    0.472944] smpboot: CPU0: Intel(R) Core(TM) i7-6700 CPU @ 3.40GHz (family: 0x6, model: 0x5e, stepping: 0x3)
[    0.748858] Performance Events: unsupported p6 CPU model 94 no PMU driver, software events only.
[    0.825193] KVM setup paravirtual spinlock
[    0.826329] x86: Booting SMP configuration:
[    0.826924] .... node  #0, CPUs:      #1
[    0.827571] kvm-clock: cpu 1, msr 1:1ffef041, secondary cpu clock
[    0.829005] mce: CPU supports 0 MCE banks
[    0.831429] x86: Booted up 1 node, 2 CPUs
[    0.832168] smpboot: Total of 2 processors activated (13631.99 BogoMIPS)
[    0.833271] devtmpfs: initialized
[    0.835366] evm: security.selinux
[    0.835938] evm: security.SMACK64
[    0.836431] evm: security.SMACK64EXEC
[    0.836956] evm: security.SMACK64TRANSMUTE
[    0.837531] evm: security.SMACK64MMAP
[    0.838057] evm: security.ima
[    0.838518] evm: security.capability
[    0.839177] clocksource: jiffies: mask: 0xffffffff max_cycles: 0xffffffff, max_idle_ns: 7645041785100000 ns
[    0.840456] futex hash table entries: 512 (order: 3, 32768 bytes)
[    0.841300] pinctrl core: initialized pinctrl subsystem
[    0.842048] RTC time:  8:30:07, date: 11/28/18
[    0.842793] NET: Registered protocol family 16
[    0.849352] cpuidle: using governor ladder
[    0.860781] cpuidle: using governor menu
[    0.918423] PCCT header not found.
[    0.919013] ACPI: bus type PCI registered
[    0.919598] acpiphp: ACPI Hot Plug PCI Controller Driver version: 0.5
[    0.920486] PCI: Using configuration type 1 for base access
[    0.934425] ACPI: Added _OSI(Module Device)
[    1.056190] ACPI: Added _OSI(Processor Device)
[    1.163198] ACPI: Added _OSI(3.0 _SCP Extensions)
[    1.177195] ACPI: Added _OSI(Processor Aggregator Device)
[    1.178471] ACPI: Executed 1 blocks of module-level executable AML code
[    1.180936] ACPI: Interpreter enabled
[    1.186824] ACPI: (supports S0 S5)
[    1.187416] ACPI: Using IOAPIC for interrupt routing
[    1.188377] PCI: Using host bridge windows from ACPI; if necessary, use "pci=nocrs" and report a bug
[    1.193145] ACPI: PCI Root Bridge [PCI0] (domain 0000 [bus 00-ff])
[    1.194094] acpi PNP0A03:00: _OSC: OS supports [ASPM ClockPM Segments MSI]
[    1.195116] acpi PNP0A03:00: _OSC: not requesting OS control; OS requires [ExtendedConfig ASPM ClockPM MSI]
[    1.197955] acpi PNP0A03:00: fail to add MMCONFIG information, can't access extended PCI configuration space under this bridge.
[    1.201070] PCI host bridge to bus 0000:00
[    1.208845] pci_bus 0000:00: root bus resource [io  0x0000-0x0cf7 window]
[    1.209824] pci_bus 0000:00: root bus resource [io  0x0d00-0xffff window]
[    1.210773] pci_bus 0000:00: root bus resource [mem 0x000a0000-0x000bffff window]
[    1.213526] pci_bus 0000:00: root bus resource [mem 0xe0000000-0xfdffffff window]
[    1.214587] pci_bus 0000:00: root bus resource [bus 00-ff]
[    1.377004] pci 0000:00:01.1: legacy IDE quirk: reg 0x10: [io  0x01f0-0x01f7]
[    1.602392] pci 0000:00:01.1: legacy IDE quirk: reg 0x14: [io  0x03f6]
[    1.801239] pci 0000:00:01.1: legacy IDE quirk: reg 0x18: [io  0x0170-0x0177]
[    1.850568] pci 0000:00:01.1: legacy IDE quirk: reg 0x1c: [io  0x0376]
[    1.873987] pci 0000:00:07.0: quirk: [io  0x4000-0x403f] claimed by PIIX4 ACPI
[    1.969923] pci 0000:00:07.0: quirk: [io  0x4100-0x410f] claimed by PIIX4 SMB
[    1.982435] ACPI: PCI Interrupt Link [LNKA] (IRQs 5 9 10 *11)
[    1.984753] ACPI: PCI Interrupt Link [LNKB] (IRQs 5 9 *10 11)
[    2.041837] ACPI: PCI Interrupt Link [LNKC] (IRQs 5 *9 10 11)
[    2.046041] ACPI: PCI Interrupt Link [LNKD] (IRQs 5 9 10 *11)
[    2.047171] ACPI: Enabled 2 GPEs in block 00 to 07
[    2.048189] vgaarb: setting as boot device: PCI:0000:00:02.0
[    2.048963] vgaarb: device added: PCI:0000:00:02.0,decodes=io+mem,owns=io+mem,locks=none
[    2.050090] vgaarb: loaded
[    2.050539] vgaarb: bridge control possible 0000:00:02.0
[    2.051416] SCSI subsystem initialized
[    2.052081] ACPI: bus type USB registered
[    2.052675] usbcore: registered new interface driver usbfs
[    2.053409] usbcore: registered new interface driver hub
[    2.059418] usbcore: registered new device driver usb
[    2.060330] PCI: Using ACPI for IRQ routing
[    2.061142] NetLabel: Initializing
[    2.061661] NetLabel:  domain hash size = 128
[    2.062269] NetLabel:  protocols = UNLABELED CIPSOv4
[    2.062945] NetLabel:  unlabeled traffic allowed by default
[    2.063807] amd_nb: Cannot enumerate AMD northbridges
[    2.064560] clocksource: Switched to clocksource kvm-clock
[    2.070372] AppArmor: AppArmor Filesystem Enabled
[    2.071080] pnp: PnP ACPI init
[    2.072111] pnp: PnP ACPI: found 3 devices
[    2.080408] clocksource: acpi_pm: mask: 0xffffff max_cycles: 0xffffff, max_idle_ns: 2085701024 ns
[    2.081686] NET: Registered protocol family 2
[    2.082435] TCP established hash table entries: 32768 (order: 6, 262144 bytes)
[    2.083512] TCP bind hash table entries: 32768 (order: 7, 524288 bytes)
[    2.106306] TCP: Hash tables configured (established 32768 bind 32768)
[    2.107148] UDP hash table entries: 2048 (order: 4, 65536 bytes)
[    2.107925] UDP-Lite hash table entries: 2048 (order: 4656 tes)
[    2.228295] NET: Registered protocol family 1
[    2.228931] pci 0000:00:00.0: Limiting direct PCI/PCI transfers
[    2.229703] pci 0000:00:01.0: Activating ISA DMA hang workarounds
[    2.230576] Unpacking initramfs...

[  2942]rengnid mo: 79K
[  2360]CIMAUsg ftreoue buffering for IO (SWIOTLB)
[    3.277145] software IO TLB [mem 0xdbff0000-0xdfff0000] (64MB) mapped at [ffff8800dbff0000-ffff8800dffeffff]
[    3.278540] platform rtc_cmos: registered platform RTC device (no PNP device found)
[    3.279644] Scanning for low memory corruption every 60 seconds

[    3.280817] audit: initializing netlink subsys (disabled)
[    3.292150] audit: type=2000 audit(1543393812.751:1): initialized
[    3.293257] Initialise system trusted keyring
[    3.294061] HugeTLB registered 2 MB page size, pre-allocated 0 pages
[    3.295964] zbud: loaded
[    3.296721] VFS: Disk quotas dquot_6.6.0
[    3.297374] VFS: Dquot-cache hash table entries: 512 (order 0, 4096 bytes)
[    3.298509] squashfs: version 4.0 (2009/01/31) Phillip Lougher
[    3.299559] fuse init (API version 7.23)
[    3.300285] Key type big_key registered
[    3.300929] Allocating IMA MOK and blacklist keyrings.
[    3.302581] Key type asymmetric registered
[    3.303233] Asymmetric key parser 'x509' registered
[    3.304015] Block layer SCSI generic (bsg) driver version 0.4 loaded (major 249)
[    3.310371] io scheduler noop registered
[    3.310950] io scheduler deadline registered (default)
[    3.311677] io scheduler cfq registered
[    3.312314] pci_hotplug: PCI Hot Plug PCI Core version: 0.5
[    3.313057] pciehp: PCI Express Hot Plug Controller Driver version: 0.4
[    3.313980] ACPI: AC Adapter [AC] (on-line)
[    3.314616] input: Power Button as /devices/LNXSYSTM:00/LNXPWRBN:00/input/input0
[    3.400167] ACPI: Power Button [PWRF]
[    3.400847] input: Sleep Button as /devices/LNXSYSTM:00/LNXSLPBN:00/input/input1
[    3.401975] ACPI: Sleep Button [SLPF]
[    3.402737] GHES: HEST is not enabled!
[    3.403738] virtio-pci 0000:00:03.0: virtio_pci: leaving for legacy driver
[    3.405057] virtio-pci 0000:00:08.0: virtio_pci: leaving for legacy driver
[    3.406097] Serial: 8250/16550 driver, 32 ports, IRQ sharing enabled
[    3.428417] 00:02: ttyS0 at I/O 0x3f8 (irq = 4, base_baud = 115200) is a 16550A
[    3.430342] Linux agpgart interface v0.103
[    3.432250] loop: module loaded
[    3.433222] scsi host0: ata_piix
[    3.433895] scsi host1: ata_piix
[    3.434465] ata1: PATA max UDMA/33 cmd 0x1f0 ctl 0x3f6 bmdma 0xd000 irq 14
[    3.435416] ata2: PATA max UDMA/33 cmd 0x170 ctl 0x376 bmdma 0xd008 irq 15
[    3.436471] libphy: Fixed MDIO Bus: probed
[    3.437148] tun: Universal TUN/TAP device driver, 1.6
[    3.437904] tun: (C) 1999-2004 Max Krasnyansky <maxk@qualcomm.com>
[    3.439112] PPP generic driver version 2.4.2
[    3.439854] ehci_hcd: USB 2.0 'Enhanced' Host Controller (EHCI) Driver
[    3.440796] ehci-pci: EHCI PCI platform driver
[    3.441486] ehci-platform: EHCI generic platform driver
[    3.442259] ohci_hcd: USB 1.1 'Open' Host Controller (OHCI) Driver
[    3.443134] ohci-pci: OHCI PCI platform driver
[    3.443860] ohci-platform: OHCI generic platform driver
[    3.444641] uhci_hcd: USB Universal Host Controller Interface driver
[    3.445588] i8042: PNP: PS/2 Controller [PNP0303:PS2K,PNP0f03:PS2M] at 0x60,0x64 irq 1,12
[    3.447199] serio: i8042 KBD port at 0x60,0x64 irq 1
[    3.447948] serio: i8042 AUX port at 0x60,0x64 irq 12
[    3.448804] mousedev: PS/2 mouse device common for all mice
[    3.449785] input: AT Translated Set 2 keyboard as /devices/platform/i8042/serio0/input/input2
[    3.451328] rtc_cmos rtc_cmos: rtc core: registered rtc_cmos as rtc0
[    3.452301] rtc_cmos rtc_cmos: alarms up to one day, 114 bytes nvram
[    3.453220] i2c /dev entries driver
[    3.453832] device-mapper: uevent: version 1.0.3
[    3.454575] device-mapper: ioctl: 4.34.0-ioctl (2015-10-28) initialised: dm-devel@redhat.com
[    3.455889] ledtrig-cpu: registered to indicate activity on CPUs
[    3.457131] NET: Registered protocol family 10
[    3.458004] NET: Registered protocol family 17
[    3.458698] Key type dns_resolver registered
[    3.459526] registered taskstats version 1
[    3.460177] Loading compiled-in X.509 certificates
[    3.461342] Loaded X.509 cert 'Build time autogenerated kernel key: a88b0f663ecfd40e6a501dee2f0b211d51902e35'
[    3.462784] zswap: loaded using pool lzo/zbud
[    3.464886] Key type trusted registered
[    3.467699] Key type encrypted registered
[    3.468338] AppArmor: AppArmor sha1 policy hashing enabled
[    3.469145] ima: No TPM chip found, activating TPM-bypass!
[    3.469947] ima: Allocated hash algorithm: sha1
[    3.470646] evm: HMAC attrs: 0x1
[    3.471385]   Magic number: 10:460:524
[    3.472052] rtc_cmos rtc_cmos: setting system clock to 2018-11-28 08:30:09 UTC (1543393809)
[    3.473499] BIOS EDD facility v0.16 2004-Jun-25, 0 devices found
[    3.474431] EDD information not available.
[    3.595897] Freeing unused kernel memory: 1528K
[    3.598988] Write protecting the kernel read-only data: 14336k
[    3.603989] Freeing unused kernel memory: 1664K
[    3.607629] Freeing unused kernel memory: 92K
Loading, please wait...
starting version 229
[    3.645659] random: systemd-udevd: uninitialized urandom read (16 bytes read, 3 bits of entropy available)
[    3.647040] random: udevadm: uninitialized urandom read (16 bytes read, 3 bits of entropy available)
[    3.647089] random: udevadm: uninitialized urandom read (16 bytes read, 3 bits of entropy available)
[    3.659624] random: systemd-udevd: uninitialized urandom read (16 bytes read, 3 bits of entropy available)
[    3.661993] random: udevadm: uninitialized urandom read (16 bytes read, 3 bits of entropy available)
[    3.662054] random: udevadm: uninitialized urandom read (16 bytes read, 3 bits of entropy available)
[    3.662247] random: udevadm: uninitialized urandom read (16 bytes read, 3 bits of entropy available)
[    3.662317] random: udevadm: uninitialized urandom read (16 bytes read, 3 bits of entropy available)
[    3.662388] random: udevadm: uninitialized urandom read (16 bytes read, 3 bits of entropy available)
[    3.662457] random: udevadm: uninitialized urandom read (16 bytes read, 3 bits of entropy available)
[    3.693242] Fusion MPT base driver 3.04.20
[    3.693902] Copyright (c) 1999-2008 LSI Corporation
[    3.696727] virtio_net virtio1 enp0s8: renamed from eth1
[    3.702986] Fusion MPT SPI Host driver 3.04.20
[    3.704120] mptbase: ioc0: Initiating bringup
[    3.708129] AVX2 version of gcm_enc/dec engaged.
[    3.708888] AES CTR mode by8 optimization enabled
[    3.709781] virtio_net virtio0 enp0s3: renamed from eth0
[    3.826599] ioc0: LSI53C1030 A0: Capabilities={Initiator}
[    4.524527] input: ImExPS/2 Generic Explorer Mouse as /devices/platform/i8042/serio1/input/input4
[    4.531304] tsc: Refined TSC clocksource calibration: 3408.228 MHz
[    4.535177] clocksource: tsc: mask: 0xffffffffffffffff max_cycles: 0x3120ab72eb5, max_idle_ns: 440795370721 ns
[    4.928068] scsi host2: ioc0: LSI53C1030 A0, FwRev=00000000h, Ports=1, MaxQ=256, IRQ=20
[    5.656181] scsi 2:0:0:0: Direct-Access     VBOX     HARDDISK         1.0  PQ: 0 ANSI: 5
[    5.822938] scsi target2:0:0: Beginning Domain Validation
[    5.824195] scsi target2:0:0: Domain Validation skipping write tests
[    5.825013] scsi target2:0:0: Ending Domain Validation
[    5.825727] scsi target2:0:0: asynchronous
[    5.826791] scsi 2:0:1:0: Direct-Access     VBOX     HARDDISK         1.0  PQ: 0 ANSI: 5
[    5.827929] scsi target2:0:1: Beginning Domain Validation
[    5.829298] scsi target2:0:1: Domain Validation skipping write tests
[    5.830100] scsi target2:0:1: Ending Domain Validation
[    5.830806] scsi target2:0:1: asynchronous
[    5.834264] sd 2:0:0:0: Attached scsi generic sg0 type 0
[    5.901305] sd 2:0:1:0: Attached scsi generic sg1 type 0
[    5.901449] sd 2:0:0:0: [sda] 20971520 512-byte logical blocks: (10.7 GB/10.0 GiB)
[    5.903208] sd 2:0:1:0: [sdb] 20480 512-byte logical blocks: (10.5 MB/10.0 MiB)
[    5.904392] sd 2:0:0:0: [sda] Write Protect is off
[    5.905336] sd 2:0:0:0: [sda] Incomplete mode parameter data
[    5.906077] sd 2:0:0:0: [sda] Assuming drive cache: write through
[    5.906862] sd 2:0:1:0: [sdb] Write Protect is off
[    5.907870] sd 2:0:1:0: [sdb] Incomplete mode parameter data
[    5.908614] sd 2:0:1:0: [sdb] Assuming drive cache: write through
[    5.931435]  sda: sda1
[    6.413408] sd 2:0:0:0: [sda] Attached SCSI disk
[    6.505246] sd 2:0:1:0: [sdb] Attached SCSI disk
Begin: Loading e[    7.961516] md: linear personality registered for level -1
ssential drivers ... [    8.636441] md: multipath personality registered for level -4
[    8.639534] md: raid0 personality registered for level 0
[    8.643062] md: raid1 personality registered for level 1
[    8.717217] raid6: sse2x1   gen() 12162 MB/s
[    8.864387] raid6: sse2x1   xor() 10157 MB/s
[    9.334366] raid6: sse2x2   gen() 17013 MB/s
[    9.624978] raid6: sse2x2   xor() 10634 MB/s
[    9.814366] raid6: sse2x4   gen() 19361 MB/s
[   10.257212] raid6: sse2x4   xor() 11979 MB/s
[   10.704383] raid6: avx2x1   gen() 27472 MB/s
[   10.861469] raid6: avx2x2   gen() 29145 MB/s
[   11.389126] raid6: avx2x4   gen() 33095 MB/s
[   11.814614] raid6: using algorithm avx2x4 gen() 33095 MB/s
[   11.855152] raid6: using avx2x2 recovery algorithm
[   11.856941] xor: automatically using best checksumming function:
[   11.896576]    avx       : 27587.000 MB/sec
[   11.916748] async_tx: api initialized (async)
[   11.923188] md: raid6 personality registered for level 6
[   11.923926] md: raid5 personality registered for level 5
[   11.924643] md: raid4 personality registered for level 4
[   11.929122] md: raid10 personality registered for level 10
done.
Begin: Running /scripts/init-premount ... done.
Begin: Mounting root file system ... Begi[   11.950628] Btrfs loaded
n: Running /scripts/local-top ... done.
Begin: Running /scripts/local-premount ... Scanning for[   12.108018] EXT4-fs (sda1): mounted filesystem with ordered data mode. Opts: (null)
 Btrfs filesystems
done.
Warning: fsck not present, so skipping root file system
done.
Begin: Running /scripts/local-bottom ... done.
Begin: Running /scripts/init-bottom ... done.
[   12.651697] systemd[1]: systemd 229 running in system mode. (+PAM +AUDIT +SELINUX +IMA +APPARMOR +SMACK +SYSVINIT +UTMP +LIBCRYPTSETUP +GCRYPT +GNUTLS +ACL +XZ -LZ4 +SECCOMP +BLKID +ELFUTILS +KMOD -IDN)
[   12.655146] systemd[1]: Detected virtualization oracle.
[   12.657160] systemd[1]: Detected architecture x86-64.

Welcome to [1mUbuntu 16.04.5 LTS[0m!

[   12.700663] systemd[1]: Set hostname to <ubuntu>.
[   12.707590] systemd[1]: Initializing machine ID from random generator.
[   12.708685] systemd[1]: Installed transient /etc/machine-id file.
[   12.752073] random: nonblocking pool is initialized
[   13.38655]]sssseedd11::SSaattedTTiiggrrrrssllccnn  ppaaeeffor networkd DNS.
[[0;32m  OK  [0m] Started Trigger resolvconf update for networkd DNS.
[   13.975879] systemd[1]: Listening on Journal Audit Socket.
[[0;32m  OK  [0m] Listening on Journal Audit Socket.
[   13.979647] systemd[1]: Listening on Journal Socket (/dev/log).
[[0;32m  OK  [0m] Listening on Journal Socket (/dev/log).
[   13.981100] systemd[1]: Listening on LVM2 poll daemon socket.
[[0;32m  OK  [0m] Listening on LVM2 poll daemon socket.
[   13.982517] systemd[1]: Listening on Journal Socket.
[[0;32m  OK  [0m] Listening on Journal Socket.
[   13.983811] systemd[1]: Reached target User and Group Name Lookups.
[[0;32m  OK  [0m] Reached target User and Group Name Lookups.
[   13.985313] systemd[1]: Reached target Swap.
[[0;32m  OK  [0m] Reached target Swap.
[   13.986472] systemd[1]: Listening on /dev/initctl Compatibility Named Pipe.
[[0;32m  OK  [0m] Listening on /dev/initctl Compatibility Named Pipe.
[   13.988196] systemd[1]: Started Forward Password Requests to Wall Directory Wacc..

[[0;32m  OK  [0m] Started Forward Password Requests to Wall Directory Watch.
[   14.16688]]sssseedd11::LLiseeniggoo  ddvvKKereel ookktt
[[0;32m  OK  [0m] Listening on udev Kernel Socket.
[   14.666820] systemd[1]: Listening on Syslog Socket.
[[0;32m  OK  [0m] Listening on Syslog Socket.
[   14.668133] systemd[1]: Listening on LVM2 metadata daemon socket.
[[0;32m  OK  [0m] Listening on LVM2 metadata daemon socket.
[   14.669862] systemd[1]: Created slice System Slice.
[[0;32m  OK  [0m] Created slice System Slice.
[   14.680857] systemd[1]: Mounting POSIX Message Queue File System...
         Mounting POSIX Message Queue File System...
[   14.692099] systemd[1]: Starting Set console keymap...
         Starting Set console keymap...
[   14.693912] systemd[1]: Mounting Debug File System...
         Mounting Debug File System...
[   14.695697] systemd[1]: Starting Remount Root and Kernel File Systems...
         Starting Remount Root and Kernel File Systems...
[   14.697737] systemd[1]: Mounting Huge Pages File System...
         Mounting Huge Pages File System...
[   14.699569] systemd[1]: Starting Uncomplicated firewall...
         Starting Uncomplicated firewall...
[   14.706746] EXT4-fs (sda1): re-mounted. Opts: (null)
[   14.713459] systemd[1]: Starting Load Kernel Modules...
         Starting Load Kernel Modules...
[   14.715291] systemd[1]: Starting Nameserver information manager...
         Starting Nameserver information manager...
[   14.716929] systemd[1]: Set up automount Arbitrary Executable File Formats File System Automount Point.
[[0;32m  OK  [0m] Set up automount Arbitrary Executab...ats File System Automount Point.
[   14.723520] systemd[1]: Starting Create list of required static device nodes for the current kernel...
         Starting Create list of required st... nodes for the current kernel...
[   14.725808] systemd[1]: Listening on Device-mapper event daemon FIFOs.
[[0;32m  OK  [0m] Listening on Device-mapper event daemon FIFOs.
[   14.727917] systemd[1]: Starting Monitoring of LVM2 mirrors, snapshots etc. using dmeventd or progress polling...
         Starting Monitoring of LVM2 mirrors... dmeventd or progress polling...
[   14.730631] systemd[1]: Starting Journal Service...
         Starting Journal Service...
[   14.732060] systemd[1]: Created slice system-serial\x2dgetty.slice.
[[0;32m  OK  [0m] Created slice system-serial\x2dgetty.slice.
[   14.733700] systemd[1]: Listening on udev Control Socket.
[[0;32m  OK  [0m] Listening on udev Control Socket.
[   14.735090] systemd[1]: Reached target Encrypted Volumes.
[[0;32m  OK  [0m] Reached target Encrypted Volumes.
[   14.736656] systemd[1]: Created slice User and Session Slice.
[[0;32m  OK  [0m] Created slice User and Session Slice.
[   14.738112] systemd[1]: Reached target Slices.
[[0;32m  OK  [0m] Reached target Slices.
[   14.739350] systemd[1]: Reached target System Time Synchronized.
[[0;32m  OK  [0m] Reached target System Time Synchronized.
[   14.741944] systemd[1]: Mounted POSIX Message Queue File System.
[[0;32m  OK  [0m] Mounted POSIX Message Queue File System.
[   14.743447] systemd[1]: Mounted Debug File System.
[[0;32m  OK  [0m] Mounted Debug File System.
[   14.744831] systemd[1]: Mounted Huge Pages File System.
[[0;32m  OK  [0m] Mounted Huge Pages File System.
[   14.746662] systemd[1]: Started Remount Root and Kernel File Systems.
[[0;32m  OK  [0m] Started Remount Root and Kernel File Systems.
[   14.748779] systemd[1]: Started Uncomplicated firewall.
[[0;32m  OK  [0m] Started Uncomplicated firewall.
[   14.770370] systemd[1]: Starting Load/Save Random Seed...
         Startin[   14.900684] Loading iSCSI transport class v2.0-870.
g Load/Save Random Seed...
[   15.017141] iscsi: registered transport (tcp)
[   15.025171] systemd[1]: Starting udev Coldplug all Devices...
         Starting udev Coldplug all Devices...
[   15.026823] systemd[1]: Started Journal Service.
[[0;32m  OK  [0m] Started Journal Service.
[[0;32m  OK  [0m] Started Set console keymap.
[[0;32m  OK  [0m] Started Create list of required sta...ce nodes for the current kernel.
[[0;32m  OK  [0m] Started Nameserver information manager.
[[0;32m  OK  [0m] Started Load/Save Random Seed.
[[0;32m  OK  [0m] Started LVM2 metadata daemon.
         Starting Create Static Device Nodes in /dev...
         Starting Flush Journal to Persistent Storage...
[[0;32m  OK  [0m] Started udev Coldplug all Devices.
[   15.116460] systeddjjuunnll[[400]: Receivedrrequest to flush runtime journal from PID 1
[[0;32m  OK  [0m] Started Create Static Device Nodes in /dev.
[   15.398376] iscsi: registered transport (iser)
         Starting udev Kernel Device Manager...
[[0;32m  OK  [0m] Started Load Kernel Modules.
[[0;32m  OK  [0m] Started Flush Journal to Persistent Storage.
[[0;32m  OK  [0m] Started Monitoring of LVM2 mirrors,...ng dmeventd or progress polling.
[[0;32m  OK  [0m] Started udev Kernel Device Manager.
[   15.609536] ACPI: Video Device [GFX0] (multi-head: yes  rom: no  post: no)
[[0;32m  OK  [0m] Found device /dev/ttyS0.
[   15.639732] input: Video Bus as /devices/LNXSYSTM:00/LNXSYBUS:00/PNP0A03:00/LNXVIDEO:00/input/input5
[[0;32m  OK  [0m] Started Dispatch Password Requests to Console Directory Watch.
[   15.678653] vgdrvHeartbeatInit: Setting up heartbeat to trigger every 2000 milliseconds
[[0;32m  OK  [[   15.683075] input: Unspecified device as /devices/pci0000:00/0000:00:04.0/input/input6
0m] Reached target Local File Systems (Pre).
[[0;32m  OK  [0m] Reached target Local File Systems.
[   15.800001] vboxguest: misc device minor 55, IRQ 20, I/O port d040, MMIO at 00000000f0000000 (size 0x400000)
         Starting LSB: AppArmor initialization...
         Starting Commit a transient machine-id on disk...
         Starting Set console font and keymap...
         Starting Tell Plymouth To Write Out Runtime Data...
         Starting Initial cloud-init job (pre-networking)...
         Starting Create Volatile Files and Directories...
         Mounting FUSE Control File System...
         Starting Apply Kernel Variables...
[[0;32m  OK  [0m] Mounted FUSE Control File System.
[[0;32m  OK  [0m] Listening on Load/Save RF Kill Switch Status /dev/rfkill Watch.
[[0;32m  OK  [0m] Started Commit a transient machine-id on disk.
[[0;32m  OK  [0m] Started Tell Plymouth To Write Out Runtime Data.
[[0;32m  OK  [0m] Started Create Volatile Files and Directories.
[[0;32m  OK  [0m] Started Apply Kernel Variables.
         Starting Update UTMP about System Boot/Shutdown...
[[0;32m  OK  [0m] Started Update UTMP about System Boot/Shutdown.
[[0;32m  OK  [0m] Started LSB: AppArmor initialization.
[[0;32m  OK  [0m] Started Set console font and keymap.
[[0;32m  OK  [0m] Created slice system-getty.slice.
[   17.265901] cloud-init[499]: Cloud-init v. 18.4-0ubuntu1~16.04.2 running 'init-local' at Wed, 28 Nov 2018 08:30:24 +0000. Up 16.93 seconds.
[[0;32m  OK  [0m] Started Initial cloud-init job (pre-networking).
[[0;32m  OK  [0m] Reached target Network (Pre).
         Starting Raise network interfaces...
[[0;32m  OK  [0m] Started Raise network interfaces.
         Starting Initial cloud-init job (metadata service crawler)...
[[0;32m  OK  [0m] Reached target Network.
[   19.235625] cloud-init[953]: Cloud-init v. 18.4-0ubuntu1~16.04.2 running 'init' at Wed, 28 Nov 2018 08:30:26 +0000. Up 18.20 seconds.
[   19.248021] cloud-init[953]: ci-info: ++++++++++++++++++++++++++++++++++++++Net device info+++++++++++++++++++++++++++++++++++++++
[   19.249433] cloud-init[953]: ci-info: +--------+-------+----------------------------+---------------+--------+-------------------+
[   19.250832] cloud-init[953]: ci-info: | Device |   Up  |          Address           |      Mask     | Scope  |     Hw-Address    |
[   19.252185] cloud-init[953]: ci-info: +--------+-------+----------------------------+---------------+--------+-------------------+
[   19.253519] cloud-init[953]: ci-info: | enp0s3 |  True |         10.0.2.15          | 255.255.255.0 | global | 02:48:37:b8:a5:68 |
[   19.254830] cloud-init[953]: ci-info: | enp0s3 |  True | fe80::48:37ff:feb8:a568/64 |       .       |  link  | 02:48:37:b8:a5:68 |
[   19.256189] cloud-init[953]: ci-info: | enp0s8 | False |             .              |       .       |   .    | 08:00:27:1c:03:4a |
[   19.257549] cloud-init[953]: ci-info: |   lo   |  True |         127.0.0.1          |   255.0.0.0   |  host  |         .         |
[   19.308459] cloud-init[953]: ci-info: |   lo   |  True |          ::1/128           |       .       |  host  |         .         |
[   19.308798] cloud-init[953]: ci-info: +--------+-------+----------------------------+---------------+--------+-------------------+
[[0;32m  OK  [0m] Started Initial cloud-init job (metadata service crawler).
[   19.308980] cloud-init[953]: ci-info: +++++++++++++++++++++++++++Route IPv4 info++++++++++++++++++++++++++++
[   19.314361] cloud-init[953]: ci-info: +-------+-------------+----------+---------------+-----------+-------+
[   19.315734] cloud-init[953]: [ci-info: | Route | Destination | Gateway  |    Genmask    | Interface | Flags |
[   19.316829] cloud-init[953]: ci-info: +-------+-------------+----------+---------------+-----------+-------+
[   19.317085] cloud-init[953]: ci-info: |   0   |   0.0.0.0   | 10.0.2.2 |    0.0.0.0    |   enp0s3  |   UG  |
[   19.317222] cloud-init[953]: ci-info: |   1   |   10.0.2.0  | 0.0.0.0  | 255.255.255.0 |   enp0s3  |   U   |
[   19.317352] cloud-init[953]: ci-info: +-------+-------------+----------+---------------+-----------+-------+
[   19.317484] cloud-init[953]: ci-info: +++++++++++++++++++Route IPv6 info+++++++++++++++++++
[   19.317623] cloud-init[953]: ci-info: +-------+-------------+---------+-----------+-------+
[   19.317752] cloud-init[953]: ci-info: | Route | Destination | Gateway | Interface | Flags |
[   19.317886] cloud-init[953]: ci-info: +-------+-------------+---------+-----------+-------+
[   19.318016] cloud-init[953]: ci-info: |   0   |  fe80::/64  |    ::   |   enp0s3  |   U   |
[   19.318173] cloud-init[953]: ci-info: |   3   |   ff00::/8  |    ::   |   enp0s3  |   U   |
[   19.318286] cloud-init[953]: ci-info: +-------+-------------+---------+-----------+-------+
[   19.318414] cloud-init[953]: Generating public/private rsa key pair.
[   19.318548] cloud-init[953]: Your identification has been saved in /etc/ssh/ssh_host_rsa_key.
[   19.318682] cloud-init[953]: Your public key has been saved in /etc/ssh/ssh_host_rsa_key.pub.
[   19.318817] cloud-init[953]: The key fingerprint is:
[   19.319085] cloud-init[953]: SHA256:PpVvhjXE2zcKunXl6hUtI/7WRIoj+d75cuSae9EQuyk root@ubuntu-xenial
[   19.319218] cloud-init[953]: The key's randomart image is:
[   19.319352] cloud-init[953]: +---[RSA 2048]----+
[   19.319486] cloud-init[953]: |                 |
[   19.319617] cloud-init[953]: |           .  .  |
[   19.319750] cloud-init[953]: |            o  o |
[   19.320066] cloud-init[953]: |           o oo o|
[   19.320289] cloud-init[953]: |        S oo=.+X+|
[   19.320431] cloud-init[953]: |       . .+=EoB=*|
[   19.320562] cloud-init[953]: |        o..+== B.|
[   19.320695] cloud-init[953]: |         .oooo=o=|
[   19.320834] cloud-init[953]: |         . .o+BB.|
[   19.320962] cloud-init[953]: +----[SHA256]-----+
[   19.321096] cloud-init[953]: Generating public/private dsa key pair.
[   19.321228] cloud-init[953]: Your identification has been saved in /etc/ssh/ssh_host_dsa_key.
[   19.321360] cloud-init[953]: Your public key has been saved in /etc/ssh/ssh_host_dsa_key.pub.
[   19.321496] cloud-init[953]: The key fingerprint is:
[   19.321628] cloud-init[953]: SHA256:spUyFoBxIhk3y6l8shMRLWoN9xo0pHsRFZrzP8pTgqM root@ubuntu-xenial
[   19.321762] cloud-init[953]: The key's randomart image is:
[   19.321900] cloud-init[953]: +---[DSA 1024]----+
[   19.322029] cloud-init[953]: |o+B=+o.          |
[   19.322162] cloud-init[953]: |.*+@+.           |
[   19.322294] cloud-init[953]: |.oX=o .          |
[   19.322427] cloud-init[953]: |oooo+. . .       |
[   19.322561] cloud-init[953]: |o= o+.= S        |
[   19.322693] cloud-init[953]: |  *+ o.B         |
[   19.322828] cloud-init[953]: | o. . +o         |
[   19.323117] cloud-init[953]: | E. ... .        |
[   19.323251] cloud-init[953]: |     o.          |
[   19.323384] cloud-init[953]: +----[SHA256]-----+
[   19.323520] cloud-init[953]: Generating public/private ecdsa key pair.
[   19.323649] cloud-init[953]: Your identification has been saved in /etc/ssh/ssh_host_ecdsa_key.
[   19.323783] cloud-init[953]: Your public key has been saved in /etc/ssh/ssh_host_ecdsa_key.pub.
[   19.323914] cloud-init[953]: The key fingerprint is:
[   19.324086] cloud-init[953]: SHA256:fY1AXMIAWIFTvyfvBAPtcSJGzJAUwe2Ple1i3EcaHeg root@ubuntu-xenial
[   19.324186] cloud-init[953]: The key's randomart image is:
[   19.324316] cloud-init[953]: +---[ECDSA 256]---+
[   19.324454] cloud-init[953]: |   o=&*o.+oo.    |
[   19.324584] cloud-init[953]: |    *.+o .+..    |
[   19.324717] cloud-init[953]: |     o+ =+o. .   |
[   19.324849] cloud-init[953]: |     ..+o*E.oo   |
[   19.324983] cloud-init[953]: |       =Soo+o .  |
[   19.325116] cloud-init[953]: |      . =*+..    |
[   19.325249] cloud-init[953]: |       . .o.     |
[   19.325385] cloud-init[953]: |         o       |
[   19.325519] cloud-init[953]: |          .      |
[   19.325652] cloud-init[953]: +----[SHA256]-----+
[   19.325783] cloud-init[953]: Generating public/private ed25519 key pair.
[   19.325919] cloud-init[953]: Your identification has been saved in /etc/ssh/ssh_host_ed25519_key.
[   19.326053] cloud-init[953]: Your public key has been saved in /etc/ssh/ssh_host_ed25519_key.pub.
[   19.326186] cloud-init[953]: The key fingerprint is:
[   19.326315] cloud-init[953]: SHA256:kWiY+4lL5LwzEt6ckU7mOQFx2XBnWGpXOqiI1QKG/cM root@ubuntu-xenial
[   19.326449] cloud-init[953]: The key's randomart image is:
[   19.326583] cloud-init[953]: +--[ED25519 256]--+
[   19.326715] cloud-init[953]: |oo  .+.o+ .      |
[   19.326849] cloud-init[953]: |o.o.o+o* +       |
[   19.327177] cloud-init[953]: |  o=+ * *        |
[   19.327380] cloud-init[953]: | o.oE= . o       |
[0;32m  OK  [0m] Reached target Network is Online.
[   19.327515] cloud-init[953]: |. ..+o  S        |
[   19.578749] cloud-init[953]: |  .+*o .         |
[   19.579639] cloud-init[953]: | . O==o          |
[   19.580178] cloud-init[953]: |  o.@o           |
[   19.580871] cloud-init[953]: |   .o+           |
[   19.581248] cloud-init[953]: +----[SHA256]-----+
         Starting iSCSI initiator daemon (iscsid)...
[[0;32m  OK  [0m] Reached target System Initialization.
[[0;32m  OK  [0m] Started Daily Cleanup of Temporary Directories.
[[0;32m  OK  [0m] Listening on UUID daemon activation socket.
         Starting LXD - unix socket.
[[0;32m  OK  [0m] Started Daily apt download activities.
[[0;32m  OK  [0m] Started Daily apt upgrade and clean activities.
[[0;32m  OK  [0m] Reached target Timers.
[[0;32m  OK  [0m] Started ACPI Events Check.
[[0;32m  OK  [0m] Reached target Paths.
[[0;32m  OK  [0m] Listening on D-Bus System Message Bus Socket.
[[0;32m  OK  [0m] Listening on ACPID Listen Socket.
         Starting Socket activation for snappy daemon.
[[0;32m  OK  [0m] Reached target Cloud-config availability.
[[0;32m  OK  [0m] Listening on LXD - unix socket.
[[0;32m  OK  [0m] Listening on Socket activation for snappy daemon.
[[0;32m  OK  [0m] Started iSCSI initiator daemon (iscsid).
         Starting Login to default iSCSI targets...
[[0;32m  OK  [0m] Reached target Sockets.
[[0;32m  OK  [0m] Reached target Basic System.
[[0;32m  OK  [0m] Started D-Bus System Message Bus.
         Starting /etc/rc.local Compatibility...
[[0;32m  OK  [0m] Started ACPI event daemon.
         Starting System Logging Service...
         Starting Virtualbox guest utils...
         Starting LSB: MD monitoring daemon...
         Starting LSB: Record successful boot for GRUB...
         Starting Snappy daemon...
         Starting Pollinate to seed the pseudo random number generator...
         Starting Login Service...
[[0;32m  OK  [0m] Started Regular background program processing daemon.
[[0;32m  OK  [0m] Started Deferred execution scheduler.
[[0;32m  OK  [0m] Started Unattended Upgrades Shutdown.
         Starting Accounts Service...
[[0;32m  OK  [0m] Started FUSE filesystem for LXC.
         Starting LXD - container startup/shutdown...
[[0;32m  OK  [0m] Started System Logging Service.
[[0;32m  OK  [0m] Started /etc/rc.local Compatibility.
[[0;32m  OK  [0m] Started Login Service.
[[0;32m  OK  [0m] Started LSB: Record successful boot for GRUB.
[[0;32m  OK  [0m] Started LSB: MD monitoring daemon.
[[0;32m  OK  [0m] Started Login to default iSCSI targets.
[[0;32m  OK  [0m] Reached target Remote File Systems (Pre).
[[0;32m  OK  [0m] Reached target Remote File Systems.
         Starting LSB: automatic crash report generation...
         Starting Permit User Sessions...
         Starting LSB: daemon to balance interrupts for SMP systems...
         Starting LSB: Set the CPU Frequency Scaling governor to "ondemand"...
[[0;32m  OK  [0m] Started LSB: Set the CPU Frequency Scaling governor to "ondemand".
[[0;32m  OK  [0m] Started Permit User Sessions.
         Starting Terminate Plymouth Boot Screen...
         Starting Hold until boot process finishes up...
[[0;32m  OK  [0m] Started Terminate Plymouth Boot Screen.
[[0;32m  OK  [0m] Started Hold until boot process finishes up.
[[0;32m  OK  [0m] Started Getty on tty1.
         Starting Set console scheme...
[[0;32m  OK  [0m] Started Serial Getty on ttyS0.
[[0;32m  OK  [0m] Reached target Login Prompts.
[[0;32m  OK  [0m] Started LSB: automatic crash report generation.
[[0;32m  OK  [0m] Started LSB: daemon to balance interrupts for SMP systems.
[[0;32m  OK  [0m] Started Set console scheme.
[[0;32m  OK  [0m] Started Virtualbox guest utils.
         Starting Authenticate and Authorize Users to Run Privileged Tasks...
[[0;32m  OK  [0m] Started Authenticate and Authorize Users to Run Privileged Tasks.
[[0;32m  OK  [0m] Started Accounts Service.
[[0;32m  OK  [0m] Started LXD - container startup/shutdown.
[[0;32m  OK  [0m] Started Snappy daemon.
         Starting Wait until snapd is fully seeded...
[[0;32m  OK  [0m] Started Pollinate to seed the pseudo random number generator.
         Starting OpenBSD Secure Shell server...
[[0;32m  OK  [0m] Started OpenBSD Secure Shell server.
[[0;32m  OK  [0m] Started Wait until snapd is fully seeded.
[[0;32m  OK  [0m] Reached target Multi-User System.
[[0;32m  OK  [0m] Reached target Graphical Interface.
         Starting Update UTMP about System Runlevel Changes...
         Starting Apply the settings specified in cloud-config...
[[0;32m  OK  [0m] Started Update UTMP about System Runlevel Changes.
[   23.441316] cloud-init[1273]: Generating locales (this might take a while)...
[   24.059096] cloud-init[1273]:   en_US.UTF-8... done
[   24.080500] cloud-init[1273]: Generation complete.
[   24.708191] cloud-init[1273]: Cloud-init v. 18.4-0ubuntu1~16.04.2 running 'modules:config' at Wed, 28 Nov 2018 08:30:31 +0000. Up 23.30 seconds.
[[0;32m  OK  [0m] Started Apply the settings specified in cloud-config.
         Starting Execute cloud user/final scripts...
ci-info: no authorized ssh keys fingerprints found for user ubuntu.
<14>Nov 28 08:30:32 ec2: 
<14>Nov 28 08:30:32 ec2: #############################################################
<14>Nov 28 08:30:32 ec2: -----BEGIN SSH HOST KEY FINGERPRINTS-----
<14>Nov 28 08:30:32 ec2: 1024 SHA256:spUyFoBxIhk3y6l8shMRLWoN9xo0pHsRFZrzP8pTgqM root@ubuntu-xenial (DSA)
<14>Nov 28 08:30:32 ec2: 256 SHA256:fY1AXMIAWIFTvyfvBAPtcSJGzJAUwe2Ple1i3EcaHeg root@ubuntu-xenial (ECDSA)
<14>Nov 28 08:30:32 ec2: 256 SHA256:kWiY+4lL5LwzEt6ckU7mOQFx2XBnWGpXOqiI1QKG/cM root@ubuntu-xenial (ED25519)
<14>Nov 28 08:30:32 ec2: 2048 SHA256:PpVvhjXE2zcKunXl6hUtI/7WRIoj+d75cuSae9EQuyk root@ubuntu-xenial (RSA)
<14>Nov 28 08:30:32 ec2: -----END SSH HOST KEY FINGERPRINTS-----
<14>Nov 28 08:30:32 ec2: #############################################################
-----BEGIN SSH HOST KEY KEYS-----
ecdsa-sha2-nistp256 AAAAE2VjZHNhLXNoYTItbmlzdHAyNTYAAAAIbmlzdHAyNTYAAABBBO4yCTl1+WJoX4EUdPkcEtilY9JUCEPiCOB1Af7Xt0vSE+fXf43zZp1E0jviMOAwf5g5QTlf4AVV8bJR9a3ZutA= root@ubuntu-xenial
ssh-ed25519 AAAAC3NzaC1lZDI1NTE5AAAAIBf6uJ2UKyGdGj6m04CrRhk69w/Fw4JL5uAcxYikiwQw root@ubuntu-xenial
ssh-rsa AAAAB3NzaC1yc2EAAAADAQABAAABAQDfocKHt+JWuxh7jlGxdZt5oUKmk3hgEMe3aRsM/2ChMvD9PE35cApoq7LwiSIIlkVBu+Z+8N208OgtHkzDPm+DH2kxGYmNQi5/jHrW6mCh9k82Nk9meEbcGgblbZcDgC7M++H03lFmjxQH+7f4u5Nunfs2MaTx1SxP2xw/84poF3XI6aW4s3Ihyme8ZRVHsph6NdyHeJsCYpxGzWP1IL3BqEOrPMPmzC1U+zPWfGKWB+kc4mLzXOXYTKn+Uiyf9/4BuH3GuPbz6GSOw1FfQAiQbtn2meFWHqdB4Mr789hLHuHbdewcAKL6Lgf46+GIO4hDyLb6nrOHr6HLDy/yrFAl root@ubuntu-xenial
-----END SSH HOST KEY KEYS-----
[   25.291846] cloud-init[1313]: Cloud-init v. 18.4-0ubuntu1~16.04.2 running 'modules:final' at Wed, 28 Nov 2018 08:30:32 +0000. Up 24.96 seconds.
[   25.309568] cloud-init[1313]: ci-info: no authorized ssh keys fingerprints found for user ubuntu.
[   25.310982] cloud-init[1313]: Cloud-init v. 18.4-0ubuntu1~16.04.2 finished at Wed, 28 Nov 2018 08:30:33 +0000. Datasource DataSourceNoCloud [seed=/dev/sdb][dsmode=net].  Up 25.28 seconds
[[0;32m  OK  [0m] Started Execute cloud user/final scripts.
[[0;32m  OK  [0m] Reached target Cloud-init target.

Ubuntu 16.04.5 LTS ubuntu-xenial ttyS0

ubuntu-xenial login: 